<?xml version="1.0" encoding="UTF-8"?>
<!-- Generated by org.testng.reporters.JUnitReportReporter -->
<testsuite hostname="DESKTOP-2643B1Q" failures="0" tests="2" name="com.qa.fitPeo.test.HomePageTest" time="52.203" errors="0" timestamp="2024-08-03T22:41:55 IST" skipped="0">
  <testcase classname="com.qa.fitPeo.test.HomePageTest" name="getSliderValueTest" time="18.257"/>
  <testcase classname="com.qa.fitPeo.test.HomePageTest" name="reimbursementValueTest" time="33.946"/>
</testsuite> <!-- com.qa.fitPeo.test.HomePageTest -->
